Determining if the pthread_create exist failed with the following output:
Change Dir: /home/lie/gnuradio/project/gr-amr/build/CMakeFiles/CMakeTmp

Run Build Command:"/usr/bin/make" "cmTC_07861/fast"
/usr/bin/make -f CMakeFiles/cmTC_07861.dir/build.make CMakeFiles/cmTC_07861.dir/build
make[1]: Entering directory '/home/lie/gnuradio/project/gr-amr/build/CMakeFiles/CMakeTmp'
Building C object CMakeFiles/cmTC_07861.dir/CheckSymbolExists.c.o
/usr/bin/cc   -std=gnu11 -o CMakeFiles/cmTC_07861.dir/CheckSymbolExists.c.o   -c /home/lie/gnuradio/project/gr-amr/build/CMakeFiles/CMakeTmp/CheckSymbolExists.c
Linking C executable cmTC_07861
/usr/bin/cmake -E cmake_link_script CMakeFiles/cmTC_07861.dir/link.txt --verbose=1
/usr/bin/cc      CMakeFiles/cmTC_07861.dir/CheckSymbolExists.c.o  -o cmTC_07861 
CMakeFiles/cmTC_07861.dir/CheckSymbolExists.c.o: In function `main':
CheckSymbolExists.c:(.text+0x1b): undefined reference to `pthread_create'
collect2: error: ld returned 1 exit status
CMakeFiles/cmTC_07861.dir/build.make:97: recipe for target 'cmTC_07861' failed
make[1]: *** [cmTC_07861] Error 1
make[1]: Leaving directory '/home/lie/gnuradio/project/gr-amr/build/CMakeFiles/CMakeTmp'
Makefile:126: recipe for target 'cmTC_07861/fast' failed
make: *** [cmTC_07861/fast] Error 2

File /home/lie/gnuradio/project/gr-amr/build/CMakeFiles/CMakeTmp/CheckSymbolExists.c:
/* */
#include <pthread.h>

int main(int argc, char** argv)
{
  (void)argv;
#ifndef pthread_create
  return ((int*)(&pthread_create))[argc];
#else
  (void)argc;
  return 0;
#endif
}

Determining if the function pthread_create exists in the pthreads failed with the following output:
Change Dir: /home/lie/gnuradio/project/gr-amr/build/CMakeFiles/CMakeTmp

Run Build Command:"/usr/bin/make" "cmTC_08b4e/fast"
/usr/bin/make -f CMakeFiles/cmTC_08b4e.dir/build.make CMakeFiles/cmTC_08b4e.dir/build
make[1]: Entering directory '/home/lie/gnuradio/project/gr-amr/build/CMakeFiles/CMakeTmp'
Building C object CMakeFiles/cmTC_08b4e.dir/CheckFunctionExists.c.o
/usr/bin/cc   -DCHECK_FUNCTION_EXISTS=pthread_create   -std=gnu11 -o CMakeFiles/cmTC_08b4e.dir/CheckFunctionExists.c.o   -c /usr/share/cmake-3.10/Modules/CheckFunctionExists.c
Linking C executable cmTC_08b4e
/usr/bin/cmake -E cmake_link_script CMakeFiles/cmTC_08b4e.dir/link.txt --verbose=1
/usr/bin/cc  -DCHECK_FUNCTION_EXISTS=pthread_create    CMakeFiles/cmTC_08b4e.dir/CheckFunctionExists.c.o  -o cmTC_08b4e -lpthreads 
/usr/bin/ld: cannot find -lpthreads
collect2: error: ld returned 1 exit status
CMakeFiles/cmTC_08b4e.dir/build.make:97: recipe for target 'cmTC_08b4e' failed
make[1]: *** [cmTC_08b4e] Error 1
make[1]: Leaving directory '/home/lie/gnuradio/project/gr-amr/build/CMakeFiles/CMakeTmp'
Makefile:126: recipe for target 'cmTC_08b4e/fast' failed
make: *** [cmTC_08b4e/fast] Error 2


